[INFO][2020-04-15 23:44|:25][org.springframework.test.context.support.DefaultTestContextBootstrapper]Loaded default TestExecutionListener class names from location [META-INF/spring.factories]: [org.springframework.test.context.web.ServletTestExecutionListener, org.springframework.test.context.support.DirtiesContextBeforeModesTestExecutionListener, org.springframework.test.context.support.DependencyInjectionTestExecutionListener, org.springframework.test.context.support.DirtiesContextTestExecutionListener, org.springframework.test.context.transaction.TransactionalTestExecutionListener, org.springframework.test.context.jdbc.SqlScriptsTestExecutionListener]
[INFO][2020-04-15 23:44|:25][org.springframework.test.context.support.DefaultTestContextBootstrapper]Using TestExecutionListeners: [org.springframework.test.context.web.ServletTestExecutionListener@42d80b78, org.springframework.test.context.support.DirtiesContextBeforeModesTestExecutionListener@3bfdc050, org.springframework.test.context.support.DependencyInjectionTestExecutionListener@1bce4f0a, org.springframework.test.context.support.DirtiesContextTestExecutionListener@5e3a8624, org.springframework.test.context.transaction.TransactionalTestExecutionListener@5c3bd550, org.springframework.test.context.jdbc.SqlScriptsTestExecutionListener@91161c7]
[INFO][2020-04-15 23:44|:25][org.springframework.beans.factory.xml.XmlBeanDefinitionReader]Loading XML bean definitions from class path resource [spring/applicationContext.xml]
[INFO][2020-04-15 23:44|:25][org.springframework.beans.factory.xml.XmlBeanDefinitionReader]Loading XML bean definitions from class path resource [mybatis/applicationContext-mybatis.xml]
[ERROR][2020-04-15 23:44|:46][org.springframework.test.context.TestContextManager]Caught exception while allowing TestExecutionListener [org.springframework.test.context.support.DependencyInjectionTestExecutionListener@1bce4f0a] to prepare test instance [com.igeek.ssm.service.AccountServiceTest@4516af24]
java.lang.IllegalStateException: Failed to load ApplicationContext
	at org.springframework.test.context.cache.DefaultCacheAwareContextLoaderDelegate.loadContext(DefaultCacheAwareContextLoaderDelegate.java:124)
	at org.springframework.test.context.support.DefaultTestContext.getApplicationContext(DefaultTestContext.java:83)
	at org.springframework.test.context.support.DependencyInjectionTestExecutionListener.injectDependencies(DependencyInjectionTestExecutionListener.java:117)
	at org.springframework.test.context.support.DependencyInjectionTestExecutionListener.prepareTestInstance(DependencyInjectionTestExecutionListener.java:83)
	at org.springframework.test.context.TestContextManager.prepareTestInstance(TestContextManager.java:230)
	at org.springframework.test.context.junit4.SpringJUnit4ClassRunner.createTest(SpringJUnit4ClassRunner.java:228)
	at org.springframework.test.context.junit4.SpringJUnit4ClassRunner$1.runReflectiveCall(SpringJUnit4ClassRunner.java:287)
	at org.junit.internal.runners.model.ReflectiveCallable.run(ReflectiveCallable.java:12)
	at org.springframework.test.context.junit4.SpringJUnit4ClassRunner.methodBlock(SpringJUnit4ClassRunner.java:289)
	at org.springframework.test.context.junit4.SpringJUnit4ClassRunner.runChild(SpringJUnit4ClassRunner.java:247)
	at org.springframework.test.context.junit4.SpringJUnit4ClassRunner.runChild(SpringJUnit4ClassRunner.java:94)
	at org.junit.runners.ParentRunner$3.run(ParentRunner.java:290)
	at org.junit.runners.ParentRunner$1.schedule(ParentRunner.java:71)
	at org.junit.runners.ParentRunner.runChildren(ParentRunner.java:288)
	at org.junit.runners.ParentRunner.access$000(ParentRunner.java:58)
	at org.junit.runners.ParentRunner$2.evaluate(ParentRunner.java:268)
	at org.springframework.test.context.junit4.statements.RunBeforeTestClassCallbacks.evaluate(RunBeforeTestClassCallbacks.java:61)
	at org.springframework.test.context.junit4.statements.RunAfterTestClassCallbacks.evaluate(RunAfterTestClassCallbacks.java:70)
	at org.junit.runners.ParentRunner.run(ParentRunner.java:363)
	at org.springframework.test.context.junit4.SpringJUnit4ClassRunner.run(SpringJUnit4ClassRunner.java:191)
	at org.junit.runner.JUnitCore.run(JUnitCore.java:137)
	at com.intellij.junit4.JUnit4IdeaTestRunner.startRunnerWithArgs(JUnit4IdeaTestRunner.java:68)
	at com.intellij.rt.execution.junit.IdeaTestRunner$Repeater.startRunnerWithArgs(IdeaTestRunner.java:47)
	at com.intellij.rt.execution.junit.JUnitStarter.prepareStreamsAndStart(JUnitStarter.java:242)
	at com.intellij.rt.execution.junit.JUnitStarter.main(JUnitStarter.java:70)
Caused by: org.springframework.beans.factory.parsing.BeanDefinitionParsingException: Configuration problem: Failed to import bean definitions from relative location [../mybatis/applicationContext-mybatis.xml]
Offending resource: class path resource [spring/applicationContext.xml]; nested exception is org.springframework.beans.factory.BeanDefinitionStoreException: IOException parsing XML document from class path resource [mybatis/applicationContext-mybatis.xml]; nested exception is java.net.ConnectException: Connection timed out: connect
	at org.springframework.beans.factory.parsing.FailFastProblemReporter.error(FailFastProblemReporter.java:70)
	at org.springframework.beans.factory.parsing.ReaderContext.error(ReaderContext.java:118)
	at org.springframework.beans.factory.parsing.ReaderContext.error(ReaderContext.java:103)
	at org.springframework.beans.factory.xml.DefaultBeanDefinitionDocumentReader.importBeanDefinitionResource(DefaultBeanDefinitionDocumentReader.java:259)
	at org.springframework.beans.factory.xml.DefaultBeanDefinitionDocumentReader.parseDefaultElement(DefaultBeanDefinitionDocumentReader.java:184)
	at org.springframework.beans.factory.xml.DefaultBeanDefinitionDocumentReader.parseBeanDefinitions(DefaultBeanDefinitionDocumentReader.java:169)
	at org.springframework.beans.factory.xml.DefaultBeanDefinitionDocumentReader.doRegisterBeanDefinitions(DefaultBeanDefinitionDocumentReader.java:142)
	at org.springframework.beans.factory.xml.DefaultBeanDefinitionDocumentReader.registerBeanDefinitions(DefaultBeanDefinitionDocumentReader.java:94)
	at org.springframework.beans.factory.xml.XmlBeanDefinitionReader.registerBeanDefinitions(XmlBeanDefinitionReader.java:508)
	at org.springframework.beans.factory.xml.XmlBeanDefinitionReader.doLoadBeanDefinitions(XmlBeanDefinitionReader.java:392)
	at org.springframework.beans.factory.xml.XmlBeanDefinitionReader.loadBeanDefinitions(XmlBeanDefinitionReader.java:336)
	at org.springframework.beans.factory.xml.XmlBeanDefinitionReader.loadBeanDefinitions(XmlBeanDefinitionReader.java:304)
	at org.springframework.beans.factory.support.AbstractBeanDefinitionReader.loadBeanDefinitions(AbstractBeanDefinitionReader.java:181)
	at org.springframework.beans.factory.support.AbstractBeanDefinitionReader.loadBeanDefinitions(AbstractBeanDefinitionReader.java:217)
	at org.springframework.beans.factory.support.AbstractBeanDefinitionReader.loadBeanDefinitions(AbstractBeanDefinitionReader.java:188)
	at org.springframework.beans.factory.support.AbstractBeanDefinitionReader.loadBeanDefinitions(AbstractBeanDefinitionReader.java:252)
	at org.springframework.test.context.support.AbstractGenericContextLoader.loadBeanDefinitions(AbstractGenericContextLoader.java:257)
	at org.springframework.test.context.support.AbstractGenericContextLoader.loadContext(AbstractGenericContextLoader.java:124)
	at org.springframework.test.context.support.AbstractGenericContextLoader.loadContext(AbstractGenericContextLoader.java:60)
	at org.springframework.test.context.support.AbstractDelegatingSmartContextLoader.delegateLoading(AbstractDelegatingSmartContextLoader.java:281)
	at org.springframework.test.context.support.AbstractDelegatingSmartContextLoader.loadContext(AbstractDelegatingSmartContextLoader.java:249)
	at org.springframework.test.context.cache.DefaultCacheAwareContextLoaderDelegate.loadContextInternal(DefaultCacheAwareContextLoaderDelegate.java:98)
	at org.springframework.test.context.cache.DefaultCacheAwareContextLoaderDelegate.loadContext(DefaultCacheAwareContextLoaderDelegate.java:116)
	... 24 more
Caused by: org.springframework.beans.factory.BeanDefinitionStoreException: IOException parsing XML document from class path resource [mybatis/applicationContext-mybatis.xml]; nested exception is java.net.ConnectException: Connection timed out: connect
	at org.springframework.beans.factory.xml.XmlBeanDefinitionReader.doLoadBeanDefinitions(XmlBeanDefinitionReader.java:410)
	at org.springframework.beans.factory.xml.XmlBeanDefinitionReader.loadBeanDefinitions(XmlBeanDefinitionReader.java:336)
	at org.springframework.beans.factory.xml.XmlBeanDefinitionReader.loadBeanDefinitions(XmlBeanDefinitionReader.java:304)
	at org.springframework.beans.factory.xml.DefaultBeanDefinitionDocumentReader.importBeanDefinitionResource(DefaultBeanDefinitionDocumentReader.java:243)
	... 43 more
Caused by: java.net.ConnectException: Connection timed out: connect
	at java.net.DualStackPlainSocketImpl.connect0(Native Method)
	at java.net.DualStackPlainSocketImpl.socketConnect(DualStackPlainSocketImpl.java:79)
	at java.net.AbstractPlainSocketImpl.doConnect(AbstractPlainSocketImpl.java:350)
	at java.net.AbstractPlainSocketImpl.connectToAddress(AbstractPlainSocketImpl.java:206)
	at java.net.AbstractPlainSocketImpl.connect(AbstractPlainSocketImpl.java:188)
	at java.net.PlainSocketImpl.connect(PlainSocketImpl.java:172)
	at java.net.SocksSocketImpl.connect(SocksSocketImpl.java:392)
	at java.net.Socket.connect(Socket.java:589)
	at java.net.Socket.connect(Socket.java:538)
	at sun.net.NetworkClient.doConnect(NetworkClient.java:180)
	at sun.net.www.http.HttpClient.openServer(HttpClient.java:463)
	at sun.net.www.http.HttpClient.openServer(HttpClient.java:558)
	at sun.net.www.http.HttpClient.<init>(HttpClient.java:242)
	at sun.net.www.http.HttpClient.New(HttpClient.java:339)
	at sun.net.www.http.HttpClient.New(HttpClient.java:357)
	at sun.net.www.protocol.http.HttpURLConnection.getNewHttpClient(HttpURLConnection.java:1220)
	at sun.net.www.protocol.http.HttpURLConnection.plainConnect0(HttpURLConnection.java:1156)
	at sun.net.www.protocol.http.HttpURLConnection.plainConnect(HttpURLConnection.java:1050)
	at sun.net.www.protocol.http.HttpURLConnection.connect(HttpURLConnection.java:984)
	at sun.net.www.protocol.http.HttpURLConnection.getInputStream0(HttpURLConnection.java:1564)
	at sun.net.www.protocol.http.HttpURLConnection.getInputStream(HttpURLConnection.java:1492)
	at com.sun.org.apache.xerces.internal.impl.XMLEntityManager.setupCurrentEntity(XMLEntityManager.java:647)
	at com.sun.org.apache.xerces.internal.impl.XMLEntityManager.startEntity(XMLEntityManager.java:1304)
	at com.sun.org.apache.xerces.internal.impl.XMLEntityManager.startDTDEntity(XMLEntityManager.java:1270)
	at com.sun.org.apache.xerces.internal.impl.XMLDTDScannerImpl.setInputSource(XMLDTDScannerImpl.java:264)
	at com.sun.org.apache.xerces.internal.impl.XMLDocumentScannerImpl$DTDDriver.dispatch(XMLDocumentScannerImpl.java:1161)
	at com.sun.org.apache.xerces.internal.impl.XMLDocumentScannerImpl$DTDDriver.next(XMLDocumentScannerImpl.java:1045)
	at com.sun.org.apache.xerces.internal.impl.XMLDocumentScannerImpl$PrologDriver.next(XMLDocumentScannerImpl.java:959)
	at com.sun.org.apache.xerces.internal.impl.XMLDocumentScannerImpl.next(XMLDocumentScannerImpl.java:602)
	at com.sun.org.apache.xerces.internal.impl.XMLDocumentFragmentScannerImpl.scanDocument(XMLDocumentFragmentScannerImpl.java:505)
	at com.sun.org.apache.xerces.internal.parsers.XML11Configuration.parse(XML11Configuration.java:842)
	at com.sun.org.apache.xerces.internal.parsers.XML11Configuration.parse(XML11Configuration.java:771)
	at com.sun.org.apache.xerces.internal.parsers.XMLParser.parse(XMLParser.java:141)
	at com.sun.org.apache.xerces.internal.parsers.DOMParser.parse(DOMParser.java:243)
	at com.sun.org.apache.xerces.internal.jaxp.DocumentBuilderImpl.parse(DocumentBuilderImpl.java:339)
	at org.springframework.beans.factory.xml.DefaultDocumentLoader.loadDocument(DefaultDocumentLoader.java:76)
	at org.springframework.beans.factory.xml.XmlBeanDefinitionReader.doLoadDocument(XmlBeanDefinitionReader.java:429)
	at org.springframework.beans.factory.xml.XmlBeanDefinitionReader.doLoadBeanDefinitions(XmlBeanDefinitionReader.java:391)
	... 46 more
[INFO][2020-04-15 23:45|:29][org.springframework.test.context.support.DefaultTestContextBootstrapper]Loaded default TestExecutionListener class names from location [META-INF/spring.factories]: [org.springframework.test.context.web.ServletTestExecutionListener, org.springframework.test.context.support.DirtiesContextBeforeModesTestExecutionListener, org.springframework.test.context.support.DependencyInjectionTestExecutionListener, org.springframework.test.context.support.DirtiesContextTestExecutionListener, org.springframework.test.context.transaction.TransactionalTestExecutionListener, org.springframework.test.context.jdbc.SqlScriptsTestExecutionListener]
[INFO][2020-04-15 23:45|:29][org.springframework.test.context.support.DefaultTestContextBootstrapper]Using TestExecutionListeners: [org.springframework.test.context.web.ServletTestExecutionListener@42d80b78, org.springframework.test.context.support.DirtiesContextBeforeModesTestExecutionListener@3bfdc050, org.springframework.test.context.support.DependencyInjectionTestExecutionListener@1bce4f0a, org.springframework.test.context.support.DirtiesContextTestExecutionListener@5e3a8624, org.springframework.test.context.transaction.TransactionalTestExecutionListener@5c3bd550, org.springframework.test.context.jdbc.SqlScriptsTestExecutionListener@91161c7]
[INFO][2020-04-15 23:45|:29][org.springframework.beans.factory.xml.XmlBeanDefinitionReader]Loading XML bean definitions from class path resource [spring/applicationContext.xml]
[INFO][2020-04-15 23:45|:29][org.springframework.beans.factory.xml.XmlBeanDefinitionReader]Loading XML bean definitions from class path resource [mybatis/applicationContext-mybatis.xml]
[INFO][2020-04-15 23:45|:30][org.springframework.context.support.GenericApplicationContext]Refreshing org.springframework.context.support.GenericApplicationContext@56235b8e: startup date [Wed Apr 15 23:45:30 CST 2020]; root of context hierarchy
[INFO][2020-04-15 23:45|:30][org.springframework.jdbc.datasource.DriverManagerDataSource]Loaded JDBC driver: com.mysql.jdbc.Driver
[DEBUG][2020-04-15 23:45|:31][com.igeek.ssm.mapper.AccountMapper.selectById]==>  Preparing: SELECT * FROM account where id=? ; 
[DEBUG][2020-04-15 23:45|:31][com.igeek.ssm.mapper.AccountMapper.selectById]==> Parameters: 1(Integer)
[DEBUG][2020-04-15 23:45|:31][com.igeek.ssm.mapper.AccountMapper.selectById]<==      Total: 1
[DEBUG][2020-04-15 23:45|:31][com.igeek.ssm.mapper.AccountMapper.updateAccount]==>  Preparing: update account set id=?,name=?,money=? where id = ? 
[DEBUG][2020-04-15 23:45|:31][com.igeek.ssm.mapper.AccountMapper.updateAccount]==> Parameters: 1(Integer), Jack(String), 100.0(Double), 1(Integer)
[DEBUG][2020-04-15 23:45|:31][com.igeek.ssm.mapper.AccountMapper.selectById]==>  Preparing: SELECT * FROM account where id=? ; 
[DEBUG][2020-04-15 23:45|:31][com.igeek.ssm.mapper.AccountMapper.selectById]==> Parameters: 2(Integer)
[DEBUG][2020-04-15 23:45|:31][com.igeek.ssm.mapper.AccountMapper.selectById]<==      Total: 1
[DEBUG][2020-04-15 23:45|:31][com.igeek.ssm.mapper.AccountMapper.updateAccount]==>  Preparing: update account set id=?,name=?,money=? where id = ? 
[DEBUG][2020-04-15 23:45|:31][com.igeek.ssm.mapper.AccountMapper.updateAccount]==> Parameters: 2(Integer), Rose(String), 1900.0(Double), 2(Integer)
[INFO][2020-04-15 23:45|:31][org.springframework.context.support.GenericApplicationContext]Closing org.springframework.context.support.GenericApplicationContext@56235b8e: startup date [Wed Apr 15 23:45:30 CST 2020]; root of context hierarchy
[INFO][2020-04-15 23:49|:00][org.springframework.test.context.support.DefaultTestContextBootstrapper]Loaded default TestExecutionListener class names from location [META-INF/spring.factories]: [org.springframework.test.context.web.ServletTestExecutionListener, org.springframework.test.context.support.DirtiesContextBeforeModesTestExecutionListener, org.springframework.test.context.support.DependencyInjectionTestExecutionListener, org.springframework.test.context.support.DirtiesContextTestExecutionListener, org.springframework.test.context.transaction.TransactionalTestExecutionListener, org.springframework.test.context.jdbc.SqlScriptsTestExecutionListener]
[INFO][2020-04-15 23:49|:00][org.springframework.test.context.support.DefaultTestContextBootstrapper]Using TestExecutionListeners: [org.springframework.test.context.web.ServletTestExecutionListener@42d80b78, org.springframework.test.context.support.DirtiesContextBeforeModesTestExecutionListener@3bfdc050, org.springframework.test.context.support.DependencyInjectionTestExecutionListener@1bce4f0a, org.springframework.test.context.support.DirtiesContextTestExecutionListener@5e3a8624, org.springframework.test.context.transaction.TransactionalTestExecutionListener@5c3bd550, org.springframework.test.context.jdbc.SqlScriptsTestExecutionListener@91161c7]
[INFO][2020-04-15 23:49|:00][org.springframework.beans.factory.xml.XmlBeanDefinitionReader]Loading XML bean definitions from class path resource [spring/applicationContext.xml]
[INFO][2020-04-15 23:49|:00][org.springframework.beans.factory.xml.XmlBeanDefinitionReader]Loading XML bean definitions from class path resource [mybatis/applicationContext-mybatis.xml]
[INFO][2020-04-15 23:49|:01][org.springframework.context.support.GenericApplicationContext]Refreshing org.springframework.context.support.GenericApplicationContext@56235b8e: startup date [Wed Apr 15 23:49:01 CST 2020]; root of context hierarchy
[INFO][2020-04-15 23:49|:01][org.springframework.jdbc.datasource.DriverManagerDataSource]Loaded JDBC driver: com.mysql.jdbc.Driver
[DEBUG][2020-04-15 23:49|:02][com.igeek.ssm.mapper.AccountMapper.selectById]==>  Preparing: SELECT * FROM account where id=? ; 
[DEBUG][2020-04-15 23:49|:02][com.igeek.ssm.mapper.AccountMapper.selectById]==> Parameters: 1(Integer)
[DEBUG][2020-04-15 23:49|:02][com.igeek.ssm.mapper.AccountMapper.selectById]<==      Total: 1
[DEBUG][2020-04-15 23:49|:02][com.igeek.ssm.mapper.AccountMapper.updateAccount]==>  Preparing: update account set id=?,name=?,money=? where id = ? 
[DEBUG][2020-04-15 23:49|:02][com.igeek.ssm.mapper.AccountMapper.updateAccount]==> Parameters: 1(Integer), Jack(String), 0.0(Double), 1(Integer)
[INFO][2020-04-15 23:49|:02][org.springframework.context.support.GenericApplicationContext]Closing org.springframework.context.support.GenericApplicationContext@56235b8e: startup date [Wed Apr 15 23:49:01 CST 2020]; root of context hierarchy
[INFO][2020-04-15 23:50|:16][org.springframework.test.context.support.DefaultTestContextBootstrapper]Loaded default TestExecutionListener class names from location [META-INF/spring.factories]: [org.springframework.test.context.web.ServletTestExecutionListener, org.springframework.test.context.support.DirtiesContextBeforeModesTestExecutionListener, org.springframework.test.context.support.DependencyInjectionTestExecutionListener, org.springframework.test.context.support.DirtiesContextTestExecutionListener, org.springframework.test.context.transaction.TransactionalTestExecutionListener, org.springframework.test.context.jdbc.SqlScriptsTestExecutionListener]
[INFO][2020-04-15 23:50|:16][org.springframework.test.context.support.DefaultTestContextBootstrapper]Using TestExecutionListeners: [org.springframework.test.context.web.ServletTestExecutionListener@42d80b78, org.springframework.test.context.support.DirtiesContextBeforeModesTestExecutionListener@3bfdc050, org.springframework.test.context.support.DependencyInjectionTestExecutionListener@1bce4f0a, org.springframework.test.context.support.DirtiesContextTestExecutionListener@5e3a8624, org.springframework.test.context.transaction.TransactionalTestExecutionListener@5c3bd550, org.springframework.test.context.jdbc.SqlScriptsTestExecutionListener@91161c7]
[INFO][2020-04-15 23:50|:16][org.springframework.beans.factory.xml.XmlBeanDefinitionReader]Loading XML bean definitions from class path resource [spring/applicationContext.xml]
[INFO][2020-04-15 23:50|:17][org.springframework.context.support.GenericApplicationContext]Refreshing org.springframework.context.support.GenericApplicationContext@56235b8e: startup date [Wed Apr 15 23:50:17 CST 2020]; root of context hierarchy
[INFO][2020-04-15 23:50|:17][org.springframework.jdbc.datasource.DriverManagerDataSource]Loaded JDBC driver: com.mysql.jdbc.Driver
[DEBUG][2020-04-15 23:50|:18][com.igeek.ssm.mapper.AccountMapper.selectById]==>  Preparing: SELECT * FROM account where id=? ; 
[DEBUG][2020-04-15 23:50|:18][com.igeek.ssm.mapper.AccountMapper.selectById]==> Parameters: 1(Integer)
[DEBUG][2020-04-15 23:50|:18][com.igeek.ssm.mapper.AccountMapper.selectById]<==      Total: 1
[DEBUG][2020-04-15 23:50|:18][com.igeek.ssm.mapper.AccountMapper.updateAccount]==>  Preparing: update account set id=?,name=?,money=? where id = ? 
[DEBUG][2020-04-15 23:50|:18][com.igeek.ssm.mapper.AccountMapper.updateAccount]==> Parameters: 1(Integer), Jack(String), 900.0(Double), 1(Integer)
[INFO][2020-04-15 23:50|:18][org.springframework.context.support.GenericApplicationContext]Closing org.springframework.context.support.GenericApplicationContext@56235b8e: startup date [Wed Apr 15 23:50:17 CST 2020]; root of context hierarchy
[INFO][2020-04-15 23:50|:53][org.springframework.test.context.support.DefaultTestContextBootstrapper]Loaded default TestExecutionListener class names from location [META-INF/spring.factories]: [org.springframework.test.context.web.ServletTestExecutionListener, org.springframework.test.context.support.DirtiesContextBeforeModesTestExecutionListener, org.springframework.test.context.support.DependencyInjectionTestExecutionListener, org.springframework.test.context.support.DirtiesContextTestExecutionListener, org.springframework.test.context.transaction.TransactionalTestExecutionListener, org.springframework.test.context.jdbc.SqlScriptsTestExecutionListener]
[INFO][2020-04-15 23:50|:53][org.springframework.test.context.support.DefaultTestContextBootstrapper]Using TestExecutionListeners: [org.springframework.test.context.web.ServletTestExecutionListener@42d80b78, org.springframework.test.context.support.DirtiesContextBeforeModesTestExecutionListener@3bfdc050, org.springframework.test.context.support.DependencyInjectionTestExecutionListener@1bce4f0a, org.springframework.test.context.support.DirtiesContextTestExecutionListener@5e3a8624, org.springframework.test.context.transaction.TransactionalTestExecutionListener@5c3bd550, org.springframework.test.context.jdbc.SqlScriptsTestExecutionListener@91161c7]
[INFO][2020-04-15 23:50|:53][org.springframework.beans.factory.xml.XmlBeanDefinitionReader]Loading XML bean definitions from class path resource [spring/applicationContext.xml]
[INFO][2020-04-15 23:50|:54][org.springframework.context.support.GenericApplicationContext]Refreshing org.springframework.context.support.GenericApplicationContext@56235b8e: startup date [Wed Apr 15 23:50:54 CST 2020]; root of context hierarchy
[INFO][2020-04-15 23:50|:54][org.springframework.jdbc.datasource.DriverManagerDataSource]Loaded JDBC driver: com.mysql.jdbc.Driver
[DEBUG][2020-04-15 23:50|:55][com.igeek.ssm.mapper.AccountMapper.selectById]==>  Preparing: SELECT * FROM account where id=? ; 
[DEBUG][2020-04-15 23:50|:55][com.igeek.ssm.mapper.AccountMapper.selectById]==> Parameters: 1(Integer)
[DEBUG][2020-04-15 23:50|:55][com.igeek.ssm.mapper.AccountMapper.selectById]<==      Total: 1
[DEBUG][2020-04-15 23:50|:55][com.igeek.ssm.mapper.AccountMapper.updateAccount]==>  Preparing: update account set id=?,name=?,money=? where id = ? 
[DEBUG][2020-04-15 23:50|:55][com.igeek.ssm.mapper.AccountMapper.updateAccount]==> Parameters: 1(Integer), Jack(String), 900.0(Double), 1(Integer)
[DEBUG][2020-04-15 23:50|:55][com.igeek.ssm.mapper.AccountMapper.selectById]==>  Preparing: SELECT * FROM account where id=? ; 
[DEBUG][2020-04-15 23:50|:55][com.igeek.ssm.mapper.AccountMapper.selectById]==> Parameters: 2(Integer)
[DEBUG][2020-04-15 23:50|:55][com.igeek.ssm.mapper.AccountMapper.selectById]<==      Total: 1
[DEBUG][2020-04-15 23:50|:55][com.igeek.ssm.mapper.AccountMapper.updateAccount]==>  Preparing: update account set id=?,name=?,money=? where id = ? 
[DEBUG][2020-04-15 23:50|:55][com.igeek.ssm.mapper.AccountMapper.updateAccount]==> Parameters: 2(Integer), Rose(String), 1100.0(Double), 2(Integer)
[INFO][2020-04-15 23:50|:55][org.springframework.context.support.GenericApplicationContext]Closing org.springframework.context.support.GenericApplicationContext@56235b8e: startup date [Wed Apr 15 23:50:54 CST 2020]; root of context hierarchy
[INFO][2020-04-15 23:52|:16][org.springframework.test.context.support.DefaultTestContextBootstrapper]Loaded default TestExecutionListener class names from location [META-INF/spring.factories]: [org.springframework.test.context.web.ServletTestExecutionListener, org.springframework.test.context.support.DirtiesContextBeforeModesTestExecutionListener, org.springframework.test.context.support.DependencyInjectionTestExecutionListener, org.springframework.test.context.support.DirtiesContextTestExecutionListener, org.springframework.test.context.transaction.TransactionalTestExecutionListener, org.springframework.test.context.jdbc.SqlScriptsTestExecutionListener]
[INFO][2020-04-15 23:52|:16][org.springframework.test.context.support.DefaultTestContextBootstrapper]Using TestExecutionListeners: [org.springframework.test.context.web.ServletTestExecutionListener@42d80b78, org.springframework.test.context.support.DirtiesContextBeforeModesTestExecutionListener@3bfdc050, org.springframework.test.context.support.DependencyInjectionTestExecutionListener@1bce4f0a, org.springframework.test.context.support.DirtiesContextTestExecutionListener@5e3a8624, org.springframework.test.context.transaction.TransactionalTestExecutionListener@5c3bd550, org.springframework.test.context.jdbc.SqlScriptsTestExecutionListener@91161c7]
[INFO][2020-04-15 23:52|:16][org.springframework.beans.factory.xml.XmlBeanDefinitionReader]Loading XML bean definitions from class path resource [spring/applicationContext.xml]
[INFO][2020-04-15 23:52|:16][org.springframework.context.support.GenericApplicationContext]Refreshing org.springframework.context.support.GenericApplicationContext@56235b8e: startup date [Wed Apr 15 23:52:16 CST 2020]; root of context hierarchy
[INFO][2020-04-15 23:52|:16][org.springframework.jdbc.datasource.DriverManagerDataSource]Loaded JDBC driver: com.mysql.jdbc.Driver
[DEBUG][2020-04-15 23:52|:17][com.igeek.ssm.mapper.AccountMapper.selectById]==>  Preparing: SELECT * FROM account where id=? ; 
[DEBUG][2020-04-15 23:52|:17][com.igeek.ssm.mapper.AccountMapper.selectById]==> Parameters: 1(Integer)
[DEBUG][2020-04-15 23:52|:17][com.igeek.ssm.mapper.AccountMapper.selectById]<==      Total: 1
[DEBUG][2020-04-15 23:52|:17][com.igeek.ssm.mapper.AccountMapper.updateAccount]==>  Preparing: update account set id=?,name=?,money=? where id = ? 
[DEBUG][2020-04-15 23:52|:17][com.igeek.ssm.mapper.AccountMapper.updateAccount]==> Parameters: 1(Integer), Jack(String), 800.0(Double), 1(Integer)
[DEBUG][2020-04-15 23:52|:17][com.igeek.ssm.mapper.AccountMapper.selectById]==>  Preparing: SELECT * FROM account where id=? ; 
[DEBUG][2020-04-15 23:52|:17][com.igeek.ssm.mapper.AccountMapper.selectById]==> Parameters: 2(Integer)
[DEBUG][2020-04-15 23:52|:17][com.igeek.ssm.mapper.AccountMapper.selectById]<==      Total: 1
[DEBUG][2020-04-15 23:52|:17][com.igeek.ssm.mapper.AccountMapper.updateAccount]==>  Preparing: update account set id=?,name=?,money=? where id = ? 
[DEBUG][2020-04-15 23:52|:17][com.igeek.ssm.mapper.AccountMapper.updateAccount]==> Parameters: 2(Integer), Rose(String), 1200.0(Double), 2(Integer)
[INFO][2020-04-15 23:52|:18][org.springframework.context.support.GenericApplicationContext]Closing org.springframework.context.support.GenericApplicationContext@56235b8e: startup date [Wed Apr 15 23:52:16 CST 2020]; root of context hierarchy
[INFO][2020-04-15 23:52|:54][org.springframework.test.context.support.DefaultTestContextBootstrapper]Loaded default TestExecutionListener class names from location [META-INF/spring.factories]: [org.springframework.test.context.web.ServletTestExecutionListener, org.springframework.test.context.support.DirtiesContextBeforeModesTestExecutionListener, org.springframework.test.context.support.DependencyInjectionTestExecutionListener, org.springframework.test.context.support.DirtiesContextTestExecutionListener, org.springframework.test.context.transaction.TransactionalTestExecutionListener, org.springframework.test.context.jdbc.SqlScriptsTestExecutionListener]
[INFO][2020-04-15 23:52|:54][org.springframework.test.context.support.DefaultTestContextBootstrapper]Using TestExecutionListeners: [org.springframework.test.context.web.ServletTestExecutionListener@42d80b78, org.springframework.test.context.support.DirtiesContextBeforeModesTestExecutionListener@3bfdc050, org.springframework.test.context.support.DependencyInjectionTestExecutionListener@1bce4f0a, org.springframework.test.context.support.DirtiesContextTestExecutionListener@5e3a8624, org.springframework.test.context.transaction.TransactionalTestExecutionListener@5c3bd550, org.springframework.test.context.jdbc.SqlScriptsTestExecutionListener@91161c7]
[INFO][2020-04-15 23:52|:54][org.springframework.beans.factory.xml.XmlBeanDefinitionReader]Loading XML bean definitions from class path resource [spring/applicationContext.xml]
[INFO][2020-04-15 23:52|:54][org.springframework.context.support.GenericApplicationContext]Refreshing org.springframework.context.support.GenericApplicationContext@56235b8e: startup date [Wed Apr 15 23:52:54 CST 2020]; root of context hierarchy
[INFO][2020-04-15 23:52|:55][org.springframework.jdbc.datasource.DriverManagerDataSource]Loaded JDBC driver: com.mysql.jdbc.Driver
[DEBUG][2020-04-15 23:52|:56][com.igeek.ssm.mapper.AccountMapper.selectById]==>  Preparing: SELECT * FROM account where id=? ; 
[DEBUG][2020-04-15 23:52|:56][com.igeek.ssm.mapper.AccountMapper.selectById]==> Parameters: 1(Integer)
[DEBUG][2020-04-15 23:52|:56][com.igeek.ssm.mapper.AccountMapper.selectById]<==      Total: 1
[DEBUG][2020-04-15 23:52|:56][com.igeek.ssm.mapper.AccountMapper.updateAccount]==>  Preparing: update account set id=?,name=?,money=? where id = ? 
[DEBUG][2020-04-15 23:52|:56][com.igeek.ssm.mapper.AccountMapper.updateAccount]==> Parameters: 1(Integer), Jack(String), 700.0(Double), 1(Integer)
[DEBUG][2020-04-15 23:52|:56][com.igeek.ssm.mapper.AccountMapper.selectById]==>  Preparing: SELECT * FROM account where id=? ; 
[DEBUG][2020-04-15 23:52|:56][com.igeek.ssm.mapper.AccountMapper.selectById]==> Parameters: 2(Integer)
[DEBUG][2020-04-15 23:52|:56][com.igeek.ssm.mapper.AccountMapper.selectById]<==      Total: 1
[DEBUG][2020-04-15 23:52|:56][com.igeek.ssm.mapper.AccountMapper.updateAccount]==>  Preparing: update account set id=?,name=?,money=? where id = ? 
[DEBUG][2020-04-15 23:52|:56][com.igeek.ssm.mapper.AccountMapper.updateAccount]==> Parameters: 2(Integer), Rose(String), 1300.0(Double), 2(Integer)
[INFO][2020-04-15 23:52|:56][org.springframework.context.support.GenericApplicationContext]Closing org.springframework.context.support.GenericApplicationContext@56235b8e: startup date [Wed Apr 15 23:52:54 CST 2020]; root of context hierarchy
[INFO][2020-04-15 23:53|:37][org.springframework.test.context.support.DefaultTestContextBootstrapper]Loaded default TestExecutionListener class names from location [META-INF/spring.factories]: [org.springframework.test.context.web.ServletTestExecutionListener, org.springframework.test.context.support.DirtiesContextBeforeModesTestExecutionListener, org.springframework.test.context.support.DependencyInjectionTestExecutionListener, org.springframework.test.context.support.DirtiesContextTestExecutionListener, org.springframework.test.context.transaction.TransactionalTestExecutionListener, org.springframework.test.context.jdbc.SqlScriptsTestExecutionListener]
[INFO][2020-04-15 23:53|:37][org.springframework.test.context.support.DefaultTestContextBootstrapper]Using TestExecutionListeners: [org.springframework.test.context.web.ServletTestExecutionListener@42d80b78, org.springframework.test.context.support.DirtiesContextBeforeModesTestExecutionListener@3bfdc050, org.springframework.test.context.support.DependencyInjectionTestExecutionListener@1bce4f0a, org.springframework.test.context.support.DirtiesContextTestExecutionListener@5e3a8624, org.springframework.test.context.transaction.TransactionalTestExecutionListener@5c3bd550, org.springframework.test.context.jdbc.SqlScriptsTestExecutionListener@91161c7]
[INFO][2020-04-15 23:53|:37][org.springframework.beans.factory.xml.XmlBeanDefinitionReader]Loading XML bean definitions from class path resource [spring/applicationContext.xml]
[INFO][2020-04-15 23:53|:37][org.springframework.context.support.GenericApplicationContext]Refreshing org.springframework.context.support.GenericApplicationContext@56235b8e: startup date [Wed Apr 15 23:53:37 CST 2020]; root of context hierarchy
[INFO][2020-04-15 23:53|:37][org.springframework.jdbc.datasource.DriverManagerDataSource]Loaded JDBC driver: com.mysql.jdbc.Driver
[DEBUG][2020-04-15 23:53|:38][com.igeek.ssm.mapper.AccountMapper.selectById]==>  Preparing: SELECT * FROM account where id=? ; 
[DEBUG][2020-04-15 23:53|:38][com.igeek.ssm.mapper.AccountMapper.selectById]==> Parameters: 1(Integer)
[DEBUG][2020-04-15 23:53|:38][com.igeek.ssm.mapper.AccountMapper.selectById]<==      Total: 1
[DEBUG][2020-04-15 23:53|:38][com.igeek.ssm.mapper.AccountMapper.updateAccount]==>  Preparing: update account set id=?,name=?,money=? where id = ? 
[DEBUG][2020-04-15 23:53|:38][com.igeek.ssm.mapper.AccountMapper.updateAccount]==> Parameters: 1(Integer), Jack(String), 600.0(Double), 1(Integer)
[DEBUG][2020-04-15 23:53|:38][com.igeek.ssm.mapper.AccountMapper.selectById]==>  Preparing: SELECT * FROM account where id=? ; 
[DEBUG][2020-04-15 23:53|:38][com.igeek.ssm.mapper.AccountMapper.selectById]==> Parameters: 2(Integer)
[DEBUG][2020-04-15 23:53|:38][com.igeek.ssm.mapper.AccountMapper.selectById]<==      Total: 1
[DEBUG][2020-04-15 23:53|:38][com.igeek.ssm.mapper.AccountMapper.updateAccount]==>  Preparing: update account set id=?,name=?,money=? where id = ? 
[DEBUG][2020-04-15 23:53|:38][com.igeek.ssm.mapper.AccountMapper.updateAccount]==> Parameters: 2(Integer), Rose(String), 1400.0(Double), 2(Integer)
[INFO][2020-04-15 23:53|:38][org.springframework.context.support.GenericApplicationContext]Closing org.springframework.context.support.GenericApplicationContext@56235b8e: startup date [Wed Apr 15 23:53:37 CST 2020]; root of context hierarchy
[INFO][2020-04-15 23:53|:54][org.springframework.test.context.support.DefaultTestContextBootstrapper]Loaded default TestExecutionListener class names from location [META-INF/spring.factories]: [org.springframework.test.context.web.ServletTestExecutionListener, org.springframework.test.context.support.DirtiesContextBeforeModesTestExecutionListener, org.springframework.test.context.support.DependencyInjectionTestExecutionListener, org.springframework.test.context.support.DirtiesContextTestExecutionListener, org.springframework.test.context.transaction.TransactionalTestExecutionListener, org.springframework.test.context.jdbc.SqlScriptsTestExecutionListener]
[INFO][2020-04-15 23:53|:54][org.springframework.test.context.support.DefaultTestContextBootstrapper]Using TestExecutionListeners: [org.springframework.test.context.web.ServletTestExecutionListener@42d80b78, org.springframework.test.context.support.DirtiesContextBeforeModesTestExecutionListener@3bfdc050, org.springframework.test.context.support.DependencyInjectionTestExecutionListener@1bce4f0a, org.springframework.test.context.support.DirtiesContextTestExecutionListener@5e3a8624, org.springframework.test.context.transaction.TransactionalTestExecutionListener@5c3bd550, org.springframework.test.context.jdbc.SqlScriptsTestExecutionListener@91161c7]
[INFO][2020-04-15 23:53|:54][org.springframework.beans.factory.xml.XmlBeanDefinitionReader]Loading XML bean definitions from class path resource [spring/applicationContext.xml]
[INFO][2020-04-15 23:53|:54][org.springframework.context.support.GenericApplicationContext]Refreshing org.springframework.context.support.GenericApplicationContext@56235b8e: startup date [Wed Apr 15 23:53:54 CST 2020]; root of context hierarchy
[INFO][2020-04-15 23:53|:54][org.springframework.jdbc.datasource.DriverManagerDataSource]Loaded JDBC driver: com.mysql.jdbc.Driver
[DEBUG][2020-04-15 23:53|:55][com.igeek.ssm.mapper.AccountMapper.selectById]==>  Preparing: SELECT * FROM account where id=? ; 
[DEBUG][2020-04-15 23:53|:55][com.igeek.ssm.mapper.AccountMapper.selectById]==> Parameters: 1(Integer)
[DEBUG][2020-04-15 23:53|:55][com.igeek.ssm.mapper.AccountMapper.selectById]<==      Total: 1
[DEBUG][2020-04-15 23:53|:55][com.igeek.ssm.mapper.AccountMapper.updateAccount]==>  Preparing: update account set id=?,name=?,money=? where id = ? 
[DEBUG][2020-04-15 23:53|:55][com.igeek.ssm.mapper.AccountMapper.updateAccount]==> Parameters: 1(Integer), Jack(String), 500.0(Double), 1(Integer)
[INFO][2020-04-15 23:53|:55][org.springframework.context.support.GenericApplicationContext]Closing org.springframework.context.support.GenericApplicationContext@56235b8e: startup date [Wed Apr 15 23:53:54 CST 2020]; root of context hierarchy
